Building rttf_bot_app
Step 1/8 : FROM python:3.10-slim
 ---> 3e625a83fe8d
Step 2/8 : RUN pip install poetry
 ---> Using cache
 ---> 34aea4a0c338
Step 3/8 : RUN apt-get update &&     apt-get install -y libpq-dev build-essential gcc &&     apt-get clean
 ---> Using cache
 ---> 141dc2e9ef08
Step 4/8 : WORKDIR /app
 ---> Using cache
 ---> 8987b3117382
Step 5/8 : COPY pyproject.toml poetry.lock* /app/
 ---> 203e85241d7e
Step 6/8 : RUN poetry config virtualenvs.create false && poetry install --no-interaction --no-ansi
 ---> Running in 106567abbaf2
Skipping virtualenv creation, as specified in config file.
Installing dependencies from lock file

Package operations: 36 installs, 0 updates, 0 removals

  - Installing exceptiongroup (1.2.2)
  - Installing h11 (0.14.0)
  - Installing sniffio (1.3.1)
  - Installing typing-extensions (4.12.2)
  - Installing annotated-types (0.7.0)
  - Installing anyio (4.6.2.post1)
  - Installing greenlet (3.1.1)
  - Installing httpcore (1.0.6)
  - Installing markupsafe (3.0.2)
  - Installing oauthlib (3.2.2)
  - Installing pydantic-core (2.23.4)
  - Installing soupsieve (2.6)
  - Installing beautifulsoup4 (4.12.3)
  - Installing click (8.1.7)
  - Installing iniconfig (2.0.0)
  - Installing httpx (0.27.2)
  - Installing mako (1.3.6)
  - Installing mypy-extensions (1.0.0)
  - Installing pathspec (0.12.1)
  - Installing pluggy (1.5.0)
  - Installing pydantic (2.9.2)
  - Installing pytelegrambotapi (4.23.0)
  - Installing python-dotenv (1.0.1)
  - Installing requests-oauthlib (1.3.1)
  - Installing sqlalchemy (2.0.36)
  - Installing alembic (1.13.3)
  - Installing black (24.10.0)
  - Installing mypy (1.13.0)
  - Installing bs4 (0.0.2)
  - Installing psycopg2 (2.9.10)
  - Installing pydantic-settings (2.6.0)
  - Installing pytest (8.3.3)
  - Installing python-telegram-bot (21.6)
  - Installing ruff (0.3.7)
  - Installing shikimori-api (1.0.1)
  - Installing telebot (0.0.5)

Installing the current project: rttf-bot (0.1.0)

Warning: The current project could not be installed: [Errno 2] No such file or directory: '/app/README.md'
If you do not want to install the current project use --no-root.
If you want to use Poetry only for dependency management but not for packaging, you can disable package mode by setting package-mode = false in your pyproject.toml file.
In a future version of Poetry this warning will become an error!
Removing intermediate container 106567abbaf2
 ---> 0b90d73e6e3c
Step 7/8 : COPY . /app
 ---> 1437f2c7d7c6
Step 8/8 : CMD ["python", "main.py"]
 ---> Running in 749d7bfec5c9
Removing intermediate container 749d7bfec5c9
 ---> 58a2824b4306
Successfully built 58a2824b4306
Successfully tagged rttfbot_rttf_bot_app:latest
Recreating rttfbot_rttf_bot_app_1 ...
Recreating rttfbot_rttf_bot_app_1 ... done
